[framework] 2022-10-11 20:20:32,479 - alone.Log4jMain -0    [main] FATAL alone.Log4jMain  - 最高级日志
[framework] 2022-10-11 20:20:32,480 - alone.Log4jMain -1    [main] ERROR alone.Log4jMain  - 错误日志
[framework] 2022-10-11 20:20:48,090 - alone.Log4jMain -0    [main] FATAL alone.Log4jMain  - 最高级日志
[framework] 2022-10-11 20:20:48,092 - alone.Log4jMain -2    [main] ERROR alone.Log4jMain  - 错误日志
[framework] 2022-10-11 20:20:59,258 - alone.Log4jMain -0    [main] FATAL alone.Log4jMain  - 最高级日志
[framework] 2022-10-11 20:20:59,259 - alone.Log4jMain -1    [main] ERROR alone.Log4jMain  - 错误日志
[framework] 2022-10-11 20:21:40,874 - alone.Log4jMain -0    [main] FATAL alone.Log4jMain  - 单独使用log4j打印日志--最高级日志
[framework] 2022-10-11 20:21:40,876 - alone.Log4jMain -2    [main] ERROR alone.Log4jMain  - 单独使用log4j打印日志--错误日志
[framework] 2022-10-11 20:21:45,041 - alone.Log4jMain -0    [main] FATAL alone.Log4jMain  - 单独使用log4j打印日志--最高级日志
[framework] 2022-10-11 20:21:45,042 - alone.Log4jMain -1    [main] ERROR alone.Log4jMain  - 单独使用log4j打印日志--错误日志
[framework] 2022-10-11 20:56:24,964 - combination.Slf4jLog4jMain -0    [main] ERROR combination.Slf4jLog4jMain  - Slf4j+Log4j错误日志
[framework] 2022-10-11 20:59:25,439 - combination.JclJulMain -0    [main] FATAL combination.JclJulMain  - Jcl+Jul最高级日志
[framework] 2022-10-11 20:59:25,440 - combination.JclJulMain -1    [main] ERROR combination.JclJulMain  - Jcl+Jul错误日志
[framework] 2022-10-11 20:59:59,930 - combination.JclJulMain -0    [main] FATAL combination.JclJulMain  - Jcl+Jul最高级日志
[framework] 2022-10-11 20:59:59,931 - combination.JclJulMain -1    [main] ERROR combination.JclJulMain  - Jcl+Jul错误日志
[framework] 2022-10-11 21:00:02,977 - combination.Slf4jLog4jMain -0    [main] ERROR combination.Slf4jLog4jMain  - Slf4j+Log4j错误日志
[framework] 2022-10-11 21:00:07,361 - combination.JclJulMain -0    [main] FATAL combination.JclJulMain  - Jcl+Jul最高级日志
[framework] 2022-10-11 21:00:07,362 - combination.JclJulMain -1    [main] ERROR combination.JclJulMain  - Jcl+Jul错误日志
[framework] 2022-10-12 09:43:31,921 - combination.Slf4jLog4jMain -0    [main] ERROR combination.Slf4jLog4jMain  - Slf4j+Log4j错误日志
[framework] 2022-10-12 09:44:13,491 - combination.Slf4jLog4jMain -0    [main] ERROR combination.Slf4jLog4jMain  - Slf4j+Log4j错误日志
[framework] 2022-10-12 09:51:10,417 - combination.Slf4jLog4jMain -0    [main] ERROR combination.Slf4jLog4jMain  - Slf4j+Log4j错误日志
[framework] 2022-10-12 09:52:04,554 - combination.JclJulMain -0    [main] ERROR combination.JclJulMain  - Jcl+Jul最高级日志
[framework] 2022-10-12 09:52:04,555 - combination.JclJulMain -1    [main] ERROR combination.JclJulMain  - Jcl+Jul错误日志
[framework] 2022-10-12 09:52:13,036 - combination.Slf4jLog4jMain -0    [main] ERROR combination.Slf4jLog4jMain  - Slf4j+Log4j错误日志
[framework] 2022-10-12 09:52:17,027 - combination.JclJulMain -0    [main] ERROR combination.JclJulMain  - Jcl+Jul最高级日志
[framework] 2022-10-12 09:52:17,028 - combination.JclJulMain -1    [main] ERROR combination.JclJulMain  - Jcl+Jul错误日志
[framework] 2022-10-12 09:55:25,022 - combination.JclJulMain -0    [main] ERROR combination.JclJulMain  - Jcl+Jul最高级日志
[framework] 2022-10-12 09:55:25,024 - combination.JclJulMain -2    [main] ERROR combination.JclJulMain  - Jcl+Jul错误日志
