2022-10-11 20:21:45  [ main:0 ] - [ FATAL ]  单独使用log4j打印日志--最高级日志
2022-10-11 20:21:45  [ main:0 ] - [ FATAL ]  单独使用log4j打印日志--最高级日志
2022-10-11 20:21:45  [ main:1 ] - [ ERROR ]  单独使用log4j打印日志--错误日志
2022-10-11 20:21:45  [ main:1 ] - [ ERROR ]  单独使用log4j打印日志--错误日志
2022-10-11 20:21:45  [ main:1 ] - [ WARN ]  单独使用log4j打印日志--警示日志
2022-10-11 20:21:45  [ main:1 ] - [ WARN ]  单独使用log4j打印日志--警示日志
2022-10-11 20:21:45  [ main:1 ] - [ INFO ]  单独使用log4j打印日志--提示日志
2022-10-11 20:21:45  [ main:1 ] - [ INFO ]  单独使用log4j打印日志--提示日志
2022-10-11 20:21:45  [ main:1 ] - [ DEBUG ]  单独使用log4j打印日志--调试信息
2022-10-11 20:21:45  [ main:1 ] - [ DEBUG ]  单独使用log4j打印日志--调试信息
2022-10-11 20:56:24  [ main:0 ] - [ ERROR ]  Slf4j+Log4j错误日志
2022-10-11 20:56:24  [ main:0 ] - [ ERROR ]  Slf4j+Log4j错误日志
2022-10-11 20:56:24  [ main:2 ] - [ WARN ]  Slf4j+Log4j警示日志
2022-10-11 20:56:24  [ main:2 ] - [ WARN ]  Slf4j+Log4j警示日志
2022-10-11 20:56:24  [ main:2 ] - [ INFO ]  Slf4j+Log4j提示日志
2022-10-11 20:56:24  [ main:2 ] - [ INFO ]  Slf4j+Log4j提示日志
2022-10-11 20:56:24  [ main:2 ] - [ DEBUG ]  Slf4j+Log4j调试信息
2022-10-11 20:56:24  [ main:2 ] - [ DEBUG ]  Slf4j+Log4j调试信息
2022-10-11 20:59:25  [ main:0 ] - [ FATAL ]  Jcl+Jul最高级日志
2022-10-11 20:59:25  [ main:0 ] - [ FATAL ]  Jcl+Jul最高级日志
2022-10-11 20:59:25  [ main:1 ] - [ ERROR ]  Jcl+Jul错误日志
2022-10-11 20:59:25  [ main:1 ] - [ ERROR ]  Jcl+Jul错误日志
2022-10-11 20:59:25  [ main:1 ] - [ WARN ]  Jcl+Jul警示日志
2022-10-11 20:59:25  [ main:1 ] - [ WARN ]  Jcl+Jul警示日志
2022-10-11 20:59:25  [ main:1 ] - [ INFO ]  Jcl+Jul提示日志
2022-10-11 20:59:25  [ main:1 ] - [ INFO ]  Jcl+Jul提示日志
2022-10-11 20:59:25  [ main:1 ] - [ DEBUG ]  Jcl+Jul调试信息
2022-10-11 20:59:25  [ main:1 ] - [ DEBUG ]  Jcl+Jul调试信息
2022-10-11 20:59:59  [ main:0 ] - [ FATAL ]  Jcl+Jul最高级日志
2022-10-11 20:59:59  [ main:0 ] - [ FATAL ]  Jcl+Jul最高级日志
2022-10-11 20:59:59  [ main:1 ] - [ ERROR ]  Jcl+Jul错误日志
2022-10-11 20:59:59  [ main:1 ] - [ ERROR ]  Jcl+Jul错误日志
2022-10-11 20:59:59  [ main:2 ] - [ WARN ]  Jcl+Jul警示日志
2022-10-11 20:59:59  [ main:2 ] - [ WARN ]  Jcl+Jul警示日志
2022-10-11 20:59:59  [ main:2 ] - [ INFO ]  Jcl+Jul提示日志
2022-10-11 20:59:59  [ main:2 ] - [ INFO ]  Jcl+Jul提示日志
2022-10-11 20:59:59  [ main:2 ] - [ DEBUG ]  Jcl+Jul调试信息
2022-10-11 20:59:59  [ main:2 ] - [ DEBUG ]  Jcl+Jul调试信息
2022-10-11 21:00:02  [ main:0 ] - [ ERROR ]  Slf4j+Log4j错误日志
2022-10-11 21:00:02  [ main:0 ] - [ ERROR ]  Slf4j+Log4j错误日志
2022-10-11 21:00:02  [ main:1 ] - [ WARN ]  Slf4j+Log4j警示日志
2022-10-11 21:00:02  [ main:1 ] - [ WARN ]  Slf4j+Log4j警示日志
2022-10-11 21:00:02  [ main:2 ] - [ INFO ]  Slf4j+Log4j提示日志
2022-10-11 21:00:02  [ main:2 ] - [ INFO ]  Slf4j+Log4j提示日志
2022-10-11 21:00:02  [ main:2 ] - [ DEBUG ]  Slf4j+Log4j调试信息
2022-10-11 21:00:02  [ main:2 ] - [ DEBUG ]  Slf4j+Log4j调试信息
2022-10-11 21:00:07  [ main:0 ] - [ FATAL ]  Jcl+Jul最高级日志
2022-10-11 21:00:07  [ main:0 ] - [ FATAL ]  Jcl+Jul最高级日志
2022-10-11 21:00:07  [ main:1 ] - [ ERROR ]  Jcl+Jul错误日志
2022-10-11 21:00:07  [ main:1 ] - [ ERROR ]  Jcl+Jul错误日志
2022-10-11 21:00:07  [ main:1 ] - [ WARN ]  Jcl+Jul警示日志
2022-10-11 21:00:07  [ main:1 ] - [ WARN ]  Jcl+Jul警示日志
2022-10-11 21:00:07  [ main:1 ] - [ INFO ]  Jcl+Jul提示日志
2022-10-11 21:00:07  [ main:1 ] - [ INFO ]  Jcl+Jul提示日志
2022-10-11 21:00:07  [ main:1 ] - [ DEBUG ]  Jcl+Jul调试信息
2022-10-11 21:00:07  [ main:1 ] - [ DEBUG ]  Jcl+Jul调试信息
2022-10-12 09:43:31  [ main:0 ] - [ ERROR ]  Slf4j+Log4j错误日志
2022-10-12 09:43:31  [ main:0 ] - [ ERROR ]  Slf4j+Log4j错误日志
2022-10-12 09:43:31  [ main:20 ] - [ WARN ]  Slf4j+Log4j警示日志
2022-10-12 09:43:31  [ main:20 ] - [ WARN ]  Slf4j+Log4j警示日志
2022-10-12 09:43:31  [ main:20 ] - [ INFO ]  Slf4j+Log4j提示日志
2022-10-12 09:43:31  [ main:20 ] - [ INFO ]  Slf4j+Log4j提示日志
2022-10-12 09:43:31  [ main:20 ] - [ DEBUG ]  Slf4j+Log4j调试信息
2022-10-12 09:43:31  [ main:20 ] - [ DEBUG ]  Slf4j+Log4j调试信息
2022-10-12 09:44:13  [ main:0 ] - [ ERROR ]  Slf4j+Log4j错误日志
2022-10-12 09:44:13  [ main:0 ] - [ ERROR ]  Slf4j+Log4j错误日志
2022-10-12 09:44:13  [ main:0 ] - [ WARN ]  Slf4j+Log4j警示日志
2022-10-12 09:44:13  [ main:0 ] - [ WARN ]  Slf4j+Log4j警示日志
2022-10-12 09:44:13  [ main:0 ] - [ INFO ]  Slf4j+Log4j提示日志
2022-10-12 09:44:13  [ main:0 ] - [ INFO ]  Slf4j+Log4j提示日志
2022-10-12 09:44:13  [ main:0 ] - [ DEBUG ]  Slf4j+Log4j调试信息
2022-10-12 09:44:13  [ main:0 ] - [ DEBUG ]  Slf4j+Log4j调试信息
2022-10-12 09:51:10  [ main:0 ] - [ ERROR ]  Slf4j+Log4j错误日志
2022-10-12 09:51:10  [ main:0 ] - [ ERROR ]  Slf4j+Log4j错误日志
2022-10-12 09:51:10  [ main:1 ] - [ WARN ]  Slf4j+Log4j警示日志
2022-10-12 09:51:10  [ main:1 ] - [ WARN ]  Slf4j+Log4j警示日志
2022-10-12 09:51:10  [ main:1 ] - [ INFO ]  Slf4j+Log4j提示日志
2022-10-12 09:51:10  [ main:1 ] - [ INFO ]  Slf4j+Log4j提示日志
2022-10-12 09:51:10  [ main:1 ] - [ DEBUG ]  Slf4j+Log4j调试信息
2022-10-12 09:51:10  [ main:1 ] - [ DEBUG ]  Slf4j+Log4j调试信息
2022-10-12 09:52:04  [ main:0 ] - [ ERROR ]  Jcl+Jul最高级日志
2022-10-12 09:52:04  [ main:0 ] - [ ERROR ]  Jcl+Jul最高级日志
2022-10-12 09:52:04  [ main:1 ] - [ ERROR ]  Jcl+Jul错误日志
2022-10-12 09:52:04  [ main:1 ] - [ ERROR ]  Jcl+Jul错误日志
2022-10-12 09:52:04  [ main:2 ] - [ WARN ]  Jcl+Jul警示日志
2022-10-12 09:52:04  [ main:2 ] - [ WARN ]  Jcl+Jul警示日志
2022-10-12 09:52:04  [ main:2 ] - [ INFO ]  Jcl+Jul提示日志
2022-10-12 09:52:04  [ main:2 ] - [ INFO ]  Jcl+Jul提示日志
2022-10-12 09:52:04  [ main:2 ] - [ DEBUG ]  Jcl+Jul调试信息
2022-10-12 09:52:04  [ main:2 ] - [ DEBUG ]  Jcl+Jul调试信息
2022-10-12 09:52:13  [ main:0 ] - [ ERROR ]  Slf4j+Log4j错误日志
2022-10-12 09:52:13  [ main:0 ] - [ ERROR ]  Slf4j+Log4j错误日志
2022-10-12 09:52:13  [ main:1 ] - [ WARN ]  Slf4j+Log4j警示日志
2022-10-12 09:52:13  [ main:1 ] - [ WARN ]  Slf4j+Log4j警示日志
2022-10-12 09:52:13  [ main:1 ] - [ INFO ]  Slf4j+Log4j提示日志
2022-10-12 09:52:13  [ main:1 ] - [ INFO ]  Slf4j+Log4j提示日志
2022-10-12 09:52:13  [ main:1 ] - [ DEBUG ]  Slf4j+Log4j调试信息
2022-10-12 09:52:13  [ main:1 ] - [ DEBUG ]  Slf4j+Log4j调试信息
2022-10-12 09:52:17  [ main:0 ] - [ ERROR ]  Jcl+Jul最高级日志
2022-10-12 09:52:17  [ main:0 ] - [ ERROR ]  Jcl+Jul最高级日志
2022-10-12 09:52:17  [ main:1 ] - [ ERROR ]  Jcl+Jul错误日志
2022-10-12 09:52:17  [ main:1 ] - [ ERROR ]  Jcl+Jul错误日志
2022-10-12 09:52:17  [ main:2 ] - [ WARN ]  Jcl+Jul警示日志
2022-10-12 09:52:17  [ main:2 ] - [ WARN ]  Jcl+Jul警示日志
2022-10-12 09:52:17  [ main:2 ] - [ INFO ]  Jcl+Jul提示日志
2022-10-12 09:52:17  [ main:2 ] - [ INFO ]  Jcl+Jul提示日志
2022-10-12 09:52:17  [ main:2 ] - [ DEBUG ]  Jcl+Jul调试信息
2022-10-12 09:52:17  [ main:2 ] - [ DEBUG ]  Jcl+Jul调试信息
2022-10-12 09:55:25  [ main:0 ] - [ ERROR ]  Jcl+Jul最高级日志
2022-10-12 09:55:25  [ main:0 ] - [ ERROR ]  Jcl+Jul最高级日志
2022-10-12 09:55:25  [ main:2 ] - [ ERROR ]  Jcl+Jul错误日志
2022-10-12 09:55:25  [ main:2 ] - [ ERROR ]  Jcl+Jul错误日志
2022-10-12 09:55:25  [ main:2 ] - [ WARN ]  Jcl+Jul警示日志
2022-10-12 09:55:25  [ main:2 ] - [ WARN ]  Jcl+Jul警示日志
2022-10-12 09:55:25  [ main:2 ] - [ INFO ]  Jcl+Jul提示日志
2022-10-12 09:55:25  [ main:2 ] - [ INFO ]  Jcl+Jul提示日志
2022-10-12 09:55:25  [ main:2 ] - [ DEBUG ]  Jcl+Jul调试信息
2022-10-12 09:55:25  [ main:2 ] - [ DEBUG ]  Jcl+Jul调试信息
